2014-11-20T20:31:06.693Z: try to take picture now
2014-11-20T20:31:06.695Z: executing external process: fswebcam dist//home/joerg/node/nomnom-v1/server/config/../images/live.jpg
2014-11-20T20:31:06.722Z: stdout: 
2014-11-20T20:31:06.722Z: stderr: /bin/sh: 1: fswebcam: not found

2014-11-20T20:31:06.722Z: exec error: Error: Command failed: /bin/sh: 1: fswebcam: not found

2014-11-20T20:31:16.727Z: executing external process: fswebcam dist//home/joerg/node/nomnom-v1/server/config/../images/live.jpg
2014-11-20T20:31:16.727Z: try to take picture now
2014-11-20T20:31:16.737Z: stdout: 
2014-11-20T20:31:16.737Z: stderr: /bin/sh: 1: fswebcam: not found

2014-11-20T20:31:16.737Z: exec error: Error: Command failed: /bin/sh: 1: fswebcam: not found

2014-11-20T20:31:26.746Z: try to take picture now
2014-11-20T20:31:26.746Z: executing external process: fswebcam dist//home/joerg/node/nomnom-v1/server/config/../images/live.jpg
2014-11-20T20:31:26.756Z: stdout: 
2014-11-20T20:31:26.756Z: stderr: /bin/sh: 1: fswebcam: not found

2014-11-20T20:31:26.756Z: exec error: Error: Command failed: /bin/sh: 1: fswebcam: not found

2014-11-20T20:31:36.763Z: try to take picture now
2014-11-20T20:31:36.763Z: executing external process: fswebcam dist//home/joerg/node/nomnom-v1/server/config/../images/live.jpg
2014-11-20T20:31:36.770Z: stdout: 
2014-11-20T20:31:36.770Z: stderr: /bin/sh: 1: fswebcam: not found

2014-11-20T20:31:36.771Z: exec error: Error: Command failed: /bin/sh: 1: fswebcam: not found

2014-11-20T20:31:46.781Z: try to take picture now
2014-11-20T20:31:46.781Z: executing external process: fswebcam dist//home/joerg/node/nomnom-v1/server/config/../images/live.jpg
2014-11-20T20:31:46.790Z: stdout: 
2014-11-20T20:31:46.790Z: stderr: /bin/sh: 1: fswebcam: not found

2014-11-20T20:31:46.790Z: exec error: Error: Command failed: /bin/sh: 1: fswebcam: not found

2014-11-20T20:31:56.802Z: try to take picture now
2014-11-20T20:31:56.802Z: executing external process: fswebcam dist//home/joerg/node/nomnom-v1/server/config/../images/live.jpg
2014-11-20T20:31:56.809Z: stdout: 
2014-11-20T20:31:56.809Z: stderr: /bin/sh: 1: fswebcam: not found

2014-11-20T20:31:56.809Z: exec error: Error: Command failed: /bin/sh: 1: fswebcam: not found

2014-11-20T20:32:03.328Z: try to take picture now
2014-11-20T20:32:03.330Z: executing external process: fswebcam dist//home/joerg/node/nomnom-v1/server/config/../images/live.jpg
2014-11-20T20:32:03.357Z: stdout: 
2014-11-20T20:32:03.357Z: stderr: /bin/sh: 1: fswebcam: not found

2014-11-20T20:32:03.358Z: exec error: Error: Command failed: /bin/sh: 1: fswebcam: not found

2014-11-20T20:32:13.360Z: try to take picture now
2014-11-20T20:32:13.360Z: executing external process: fswebcam dist//home/joerg/node/nomnom-v1/server/config/../images/live.jpg
2014-11-20T20:32:13.371Z: stdout: 
2014-11-20T20:32:13.372Z: stderr: /bin/sh: 1: fswebcam: not found

2014-11-20T20:32:13.372Z: exec error: Error: Command failed: /bin/sh: 1: fswebcam: not found

2014-11-20T20:32:23.381Z: try to take picture now
2014-11-20T20:32:23.381Z: executing external process: fswebcam dist//home/joerg/node/nomnom-v1/server/config/../images/live.jpg
2014-11-20T20:32:23.390Z: stdout: 
2014-11-20T20:32:23.390Z: stderr: /bin/sh: 1: fswebcam: not found

2014-11-20T20:32:23.391Z: exec error: Error: Command failed: /bin/sh: 1: fswebcam: not found

2014-11-20T20:32:33.400Z: try to take picture now
2014-11-20T20:32:33.400Z: executing external process: fswebcam dist//home/joerg/node/nomnom-v1/server/config/../images/live.jpg
2014-11-20T20:32:33.408Z: stdout: 
2014-11-20T20:32:33.408Z: stderr: /bin/sh: 1: fswebcam: not found

2014-11-20T20:32:33.409Z: exec error: Error: Command failed: /bin/sh: 1: fswebcam: not found

2014-11-20T20:32:43.420Z: try to take picture now
2014-11-20T20:32:43.420Z: executing external process: fswebcam dist//home/joerg/node/nomnom-v1/server/config/../images/live.jpg
2014-11-20T20:32:43.428Z: stdout: 
2014-11-20T20:32:43.428Z: stderr: /bin/sh: 1: fswebcam: not found

2014-11-20T20:32:43.428Z: exec error: Error: Command failed: /bin/sh: 1: fswebcam: not found

2014-11-20T20:32:53.439Z: try to take picture now
2014-11-20T20:32:53.439Z: executing external process: fswebcam dist//home/joerg/node/nomnom-v1/server/config/../images/live.jpg
2014-11-20T20:32:53.447Z: stdout: 
2014-11-20T20:32:53.447Z: stderr: /bin/sh: 1: fswebcam: not found

2014-11-20T20:32:53.447Z: exec error: Error: Command failed: /bin/sh: 1: fswebcam: not found

2014-11-20T20:33:03.462Z: try to take picture now
2014-11-20T20:33:03.462Z: executing external process: fswebcam dist//home/joerg/node/nomnom-v1/server/config/../images/live.jpg
2014-11-20T20:33:03.470Z: stdout: 
2014-11-20T20:33:03.470Z: stderr: /bin/sh: 1: fswebcam: not found

2014-11-20T20:33:03.471Z: exec error: Error: Command failed: /bin/sh: 1: fswebcam: not found

2014-11-20T20:33:13.483Z: try to take picture now
2014-11-20T20:33:13.484Z: executing external process: fswebcam dist//home/joerg/node/nomnom-v1/server/config/../images/live.jpg
2014-11-20T20:33:13.492Z: stdout: 
2014-11-20T20:33:13.492Z: stderr: /bin/sh: 1: fswebcam: not found

2014-11-20T20:33:13.492Z: exec error: Error: Command failed: /bin/sh: 1: fswebcam: not found

2014-11-20T20:33:23.503Z: try to take picture now
2014-11-20T20:33:23.503Z: executing external process: fswebcam dist//home/joerg/node/nomnom-v1/server/config/../images/live.jpg
2014-11-20T20:33:23.511Z: stdout: 
2014-11-20T20:33:23.511Z: stderr: /bin/sh: 1: fswebcam: not found

2014-11-20T20:33:23.511Z: exec error: Error: Command failed: /bin/sh: 1: fswebcam: not found

2014-11-20T20:33:33.521Z: try to take picture now
2014-11-20T20:33:33.521Z: executing external process: fswebcam dist//home/joerg/node/nomnom-v1/server/config/../images/live.jpg
2014-11-20T20:33:33.530Z: stdout: 
2014-11-20T20:33:33.530Z: stderr: /bin/sh: 1: fswebcam: not found

2014-11-20T20:33:33.530Z: exec error: Error: Command failed: /bin/sh: 1: fswebcam: not found

2014-11-20T20:33:43.541Z: try to take picture now
2014-11-20T20:33:43.541Z: executing external process: fswebcam dist//home/joerg/node/nomnom-v1/server/config/../images/live.jpg
2014-11-20T20:33:43.549Z: stdout: 
2014-11-20T20:33:43.549Z: stderr: /bin/sh: 1: fswebcam: not found

2014-11-20T20:33:43.549Z: exec error: Error: Command failed: /bin/sh: 1: fswebcam: not found

2014-11-20T20:33:53.559Z: try to take picture now
2014-11-20T20:33:53.559Z: executing external process: fswebcam dist//home/joerg/node/nomnom-v1/server/config/../images/live.jpg
2014-11-20T20:33:53.568Z: stdout: 
2014-11-20T20:33:53.568Z: stderr: /bin/sh: 1: fswebcam: not found

2014-11-20T20:33:53.569Z: exec error: Error: Command failed: /bin/sh: 1: fswebcam: not found

2014-11-20T20:34:03.578Z: try to take picture now
2014-11-20T20:34:03.578Z: executing external process: fswebcam dist//home/joerg/node/nomnom-v1/server/config/../images/live.jpg
2014-11-20T20:34:03.586Z: stdout: 
2014-11-20T20:34:03.586Z: stderr: /bin/sh: 1: fswebcam: not found

2014-11-20T20:34:03.586Z: exec error: Error: Command failed: /bin/sh: 1: fswebcam: not found

2014-11-20T20:34:13.597Z: try to take picture now
2014-11-20T20:34:13.598Z: executing external process: fswebcam dist//home/joerg/node/nomnom-v1/server/config/../images/live.jpg
2014-11-20T20:34:13.610Z: stdout: 
2014-11-20T20:34:13.610Z: stderr: /bin/sh: 1: fswebcam: not found

2014-11-20T20:34:13.610Z: exec error: Error: Command failed: /bin/sh: 1: fswebcam: not found

2014-11-20T20:34:23.623Z: try to take picture now
2014-11-20T20:34:23.623Z: executing external process: fswebcam dist//home/joerg/node/nomnom-v1/server/config/../images/live.jpg
2014-11-20T20:34:23.631Z: stdout: 
2014-11-20T20:34:23.631Z: stderr: /bin/sh: 1: fswebcam: not found

2014-11-20T20:34:23.631Z: exec error: Error: Command failed: /bin/sh: 1: fswebcam: not found

2014-11-20T20:34:33.643Z: try to take picture now
2014-11-20T20:34:33.643Z: executing external process: fswebcam dist//home/joerg/node/nomnom-v1/server/config/../images/live.jpg
2014-11-20T20:34:33.654Z: stdout: 
2014-11-20T20:34:33.654Z: stderr: /bin/sh: 1: fswebcam: not found

2014-11-20T20:34:33.654Z: exec error: Error: Command failed: /bin/sh: 1: fswebcam: not found

2014-11-20T20:34:43.662Z: try to take picture now
2014-11-20T20:34:43.662Z: executing external process: fswebcam dist//home/joerg/node/nomnom-v1/server/config/../images/live.jpg
2014-11-20T20:34:43.672Z: stdout: 
2014-11-20T20:34:43.672Z: stderr: /bin/sh: 1: fswebcam: not found

2014-11-20T20:34:43.672Z: exec error: Error: Command failed: /bin/sh: 1: fswebcam: not found

2014-11-20T20:34:53.681Z: try to take picture now
2014-11-20T20:34:53.681Z: executing external process: fswebcam dist//home/joerg/node/nomnom-v1/server/config/../images/live.jpg
2014-11-20T20:34:53.692Z: stdout: 
2014-11-20T20:34:53.693Z: stderr: /bin/sh: 1: fswebcam: not found

2014-11-20T20:34:53.693Z: exec error: Error: Command failed: /bin/sh: 1: fswebcam: not found

2014-11-20T20:35:03.704Z: try to take picture now
2014-11-20T20:35:03.704Z: executing external process: fswebcam dist//home/joerg/node/nomnom-v1/server/config/../images/live.jpg
2014-11-20T20:35:03.713Z: stdout: 
2014-11-20T20:35:03.713Z: stderr: /bin/sh: 1: fswebcam: not found

2014-11-20T20:35:03.713Z: exec error: Error: Command failed: /bin/sh: 1: fswebcam: not found

2014-11-20T20:35:13.723Z: executing external process: fswebcam dist//home/joerg/node/nomnom-v1/server/config/../images/live.jpg
2014-11-20T20:35:13.723Z: try to take picture now
2014-11-20T20:35:13.731Z: stderr: /bin/sh: 1: fswebcam: not found

2014-11-20T20:35:13.731Z: stdout: 
2014-11-20T20:35:13.731Z: exec error: Error: Command failed: /bin/sh: 1: fswebcam: not found

2014-11-20T20:35:23.740Z: try to take picture now
2014-11-20T20:35:23.741Z: executing external process: fswebcam dist//home/joerg/node/nomnom-v1/server/config/../images/live.jpg
2014-11-20T20:35:23.748Z: stdout: 
2014-11-20T20:35:23.748Z: stderr: /bin/sh: 1: fswebcam: not found

2014-11-20T20:35:23.749Z: exec error: Error: Command failed: /bin/sh: 1: fswebcam: not found

2014-11-20T20:35:33.758Z: try to take picture now
2014-11-20T20:35:33.758Z: executing external process: fswebcam dist//home/joerg/node/nomnom-v1/server/config/../images/live.jpg
2014-11-20T20:35:33.766Z: stdout: 
2014-11-20T20:35:33.766Z: stderr: /bin/sh: 1: fswebcam: not found

2014-11-20T20:35:33.766Z: exec error: Error: Command failed: /bin/sh: 1: fswebcam: not found

2014-11-20T20:35:43.777Z: try to take picture now
2014-11-20T20:35:43.777Z: executing external process: fswebcam dist//home/joerg/node/nomnom-v1/server/config/../images/live.jpg
2014-11-20T20:35:43.787Z: stdout: 
2014-11-20T20:35:43.787Z: stderr: /bin/sh: 1: fswebcam: not found

2014-11-20T20:35:43.787Z: exec error: Error: Command failed: /bin/sh: 1: fswebcam: not found

2014-11-20T20:35:53.797Z: try to take picture now
2014-11-20T20:35:53.797Z: executing external process: fswebcam dist//home/joerg/node/nomnom-v1/server/config/../images/live.jpg
2014-11-20T20:35:53.805Z: stderr: /bin/sh: 1: fswebcam: not found

2014-11-20T20:35:53.805Z: stdout: 
2014-11-20T20:35:53.805Z: exec error: Error: Command failed: /bin/sh: 1: fswebcam: not found

2014-11-20T20:38:14.930Z: try to take picture now
2014-11-20T20:38:14.932Z: executing external process: fswebcam dist//home/joerg/node/nomnom-v1/server/config/../images/live.jpg
2014-11-20T20:38:14.956Z: stdout: 
2014-11-20T20:38:14.956Z: stderr: /bin/sh: 1: fswebcam: not found

2014-11-20T20:38:14.956Z: exec error: Error: Command failed: /bin/sh: 1: fswebcam: not found

2014-11-20T20:38:24.962Z: try to take picture now
2014-11-20T20:38:24.962Z: executing external process: fswebcam dist//home/joerg/node/nomnom-v1/server/config/../images/live.jpg
2014-11-20T20:38:24.972Z: stdout: 
2014-11-20T20:38:24.972Z: stderr: /bin/sh: 1: fswebcam: not found

2014-11-20T20:38:24.973Z: exec error: Error: Command failed: /bin/sh: 1: fswebcam: not found

2014-11-20T20:38:34.984Z: try to take picture now
2014-11-20T20:38:34.984Z: executing external process: fswebcam dist//home/joerg/node/nomnom-v1/server/config/../images/live.jpg
2014-11-20T20:38:34.992Z: stderr: /bin/sh: 1: fswebcam: not found

2014-11-20T20:38:34.992Z: stdout: 
2014-11-20T20:38:34.992Z: exec error: Error: Command failed: /bin/sh: 1: fswebcam: not found

2014-11-20T20:38:45.004Z: try to take picture now
2014-11-20T20:38:45.005Z: executing external process: fswebcam dist//home/joerg/node/nomnom-v1/server/config/../images/live.jpg
2014-11-20T20:38:45.013Z: stdout: 
2014-11-20T20:38:45.013Z: stderr: /bin/sh: 1: fswebcam: not found

2014-11-20T20:38:45.014Z: exec error: Error: Command failed: /bin/sh: 1: fswebcam: not found

2014-11-20T20:38:55.024Z: try to take picture now
2014-11-20T20:38:55.024Z: executing external process: fswebcam dist//home/joerg/node/nomnom-v1/server/config/../images/live.jpg
2014-11-20T20:38:55.032Z: stdout: 
2014-11-20T20:38:55.033Z: stderr: /bin/sh: 1: fswebcam: not found

2014-11-20T20:38:55.033Z: exec error: Error: Command failed: /bin/sh: 1: fswebcam: not found

2014-11-20T20:39:05.043Z: try to take picture now
2014-11-20T20:39:05.043Z: executing external process: fswebcam dist//home/joerg/node/nomnom-v1/server/config/../images/live.jpg
2014-11-20T20:39:05.050Z: stdout: 
2014-11-20T20:39:05.050Z: stderr: /bin/sh: 1: fswebcam: not found

2014-11-20T20:39:05.050Z: exec error: Error: Command failed: /bin/sh: 1: fswebcam: not found

2014-11-20T20:39:26.626Z: try to take picture now
2014-11-20T20:39:26.629Z: executing external process: fswebcam dist//home/joerg/node/nomnom-v1/server/config/../images/live.jpg
2014-11-20T20:39:26.654Z: stdout: 
2014-11-20T20:39:26.654Z: stderr: /bin/sh: 1: fswebcam: not found

2014-11-20T20:39:26.654Z: exec error: Error: Command failed: /bin/sh: 1: fswebcam: not found

2014-11-20T20:39:36.655Z: try to take picture now
2014-11-20T20:39:36.655Z: executing external process: fswebcam dist//home/joerg/node/nomnom-v1/server/config/../images/live.jpg
2014-11-20T20:39:36.665Z: stdout: 
2014-11-20T20:39:36.665Z: stderr: /bin/sh: 1: fswebcam: not found

2014-11-20T20:39:36.666Z: exec error: Error: Command failed: /bin/sh: 1: fswebcam: not found

2014-11-20T20:39:46.675Z: try to take picture now
2014-11-20T20:39:46.675Z: executing external process: fswebcam dist//home/joerg/node/nomnom-v1/server/config/../images/live.jpg
2014-11-20T20:39:46.685Z: stdout: 
2014-11-20T20:39:46.685Z: stderr: /bin/sh: 1: fswebcam: not found

2014-11-20T20:39:46.685Z: exec error: Error: Command failed: /bin/sh: 1: fswebcam: not found

2014-11-20T20:39:56.695Z: try to take picture now
2014-11-20T20:39:56.695Z: executing external process: fswebcam dist//home/joerg/node/nomnom-v1/server/config/../images/live.jpg
2014-11-20T20:39:56.718Z: stdout: 
2014-11-20T20:39:56.718Z: stderr: /bin/sh: 1: fswebcam: not found

2014-11-20T20:39:56.719Z: exec error: Error: Command failed: /bin/sh: 1: fswebcam: not found

2014-11-20T20:40:06.713Z: try to take picture now
2014-11-20T20:40:06.713Z: executing external process: fswebcam dist//home/joerg/node/nomnom-v1/server/config/../images/live.jpg
2014-11-20T20:40:06.721Z: stdout: 
2014-11-20T20:40:06.722Z: exec error: Error: Command failed: /bin/sh: 1: fswebcam: not found

2014-11-20T20:40:06.722Z: stderr: /bin/sh: 1: fswebcam: not found

2014-11-20T20:40:16.733Z: try to take picture now
2014-11-20T20:40:16.734Z: executing external process: fswebcam dist//home/joerg/node/nomnom-v1/server/config/../images/live.jpg
2014-11-20T20:40:16.742Z: stderr: /bin/sh: 1: fswebcam: not found

2014-11-20T20:40:16.742Z: stdout: 
2014-11-20T20:40:16.742Z: exec error: Error: Command failed: /bin/sh: 1: fswebcam: not found

2014-11-20T20:40:26.757Z: try to take picture now
2014-11-20T20:40:26.757Z: executing external process: fswebcam dist//home/joerg/node/nomnom-v1/server/config/../images/live.jpg
2014-11-20T20:40:26.766Z: stdout: 
2014-11-20T20:40:26.766Z: stderr: /bin/sh: 1: fswebcam: not found

2014-11-20T20:40:26.766Z: exec error: Error: Command failed: /bin/sh: 1: fswebcam: not found

2014-11-20T20:40:36.778Z: try to take picture now
2014-11-20T20:40:36.779Z: executing external process: fswebcam dist//home/joerg/node/nomnom-v1/server/config/../images/live.jpg
2014-11-20T20:40:36.787Z: stdout: 
2014-11-20T20:40:36.787Z: stderr: /bin/sh: 1: fswebcam: not found

2014-11-20T20:40:36.788Z: exec error: Error: Command failed: /bin/sh: 1: fswebcam: not found

2014-11-20T20:40:46.800Z: try to take picture now
2014-11-20T20:40:46.800Z: executing external process: fswebcam dist//home/joerg/node/nomnom-v1/server/config/../images/live.jpg
2014-11-20T20:40:46.808Z: stdout: 
2014-11-20T20:40:46.808Z: stderr: /bin/sh: 1: fswebcam: not found

2014-11-20T20:40:46.808Z: exec error: Error: Command failed: /bin/sh: 1: fswebcam: not found

2014-11-20T20:40:56.818Z: try to take picture now
2014-11-20T20:40:56.819Z: executing external process: fswebcam dist//home/joerg/node/nomnom-v1/server/config/../images/live.jpg
2014-11-20T20:40:56.828Z: stdout: 
2014-11-20T20:40:56.828Z: stderr: /bin/sh: 1: fswebcam: not found

2014-11-20T20:40:56.828Z: exec error: Error: Command failed: /bin/sh: 1: fswebcam: not found

2014-11-20T20:41:06.838Z: try to take picture now
2014-11-20T20:41:06.838Z: executing external process: fswebcam dist//home/joerg/node/nomnom-v1/server/config/../images/live.jpg
2014-11-20T20:41:06.846Z: stderr: /bin/sh: 1: fswebcam: not found

2014-11-20T20:41:06.846Z: stdout: 
2014-11-20T20:41:06.846Z: exec error: Error: Command failed: /bin/sh: 1: fswebcam: not found

2014-11-20T20:41:16.856Z: try to take picture now
2014-11-20T20:41:16.856Z: executing external process: fswebcam dist//home/joerg/node/nomnom-v1/server/config/../images/live.jpg
2014-11-20T20:41:16.866Z: stdout: 
2014-11-20T20:41:16.866Z: stderr: /bin/sh: 1: fswebcam: not found

2014-11-20T20:41:16.866Z: exec error: Error: Command failed: /bin/sh: 1: fswebcam: not found

2014-11-20T20:41:26.878Z: try to take picture now
2014-11-20T20:41:26.878Z: executing external process: fswebcam dist//home/joerg/node/nomnom-v1/server/config/../images/live.jpg
2014-11-20T20:41:26.886Z: stdout: 
2014-11-20T20:41:26.886Z: stderr: /bin/sh: 1: fswebcam: not found

2014-11-20T20:41:26.886Z: exec error: Error: Command failed: /bin/sh: 1: fswebcam: not found

2014-11-20T20:41:36.899Z: try to take picture now
2014-11-20T20:41:36.899Z: executing external process: fswebcam dist//home/joerg/node/nomnom-v1/server/config/../images/live.jpg
2014-11-20T20:41:36.910Z: stderr: /bin/sh: 1: fswebcam: not found

2014-11-20T20:41:36.910Z: stdout: 
2014-11-20T20:41:36.910Z: exec error: Error: Command failed: /bin/sh: 1: fswebcam: not found

2014-11-20T20:41:46.925Z: try to take picture now
2014-11-20T20:41:46.925Z: executing external process: fswebcam dist//home/joerg/node/nomnom-v1/server/config/../images/live.jpg
2014-11-20T20:41:46.933Z: stdout: 
2014-11-20T20:41:46.933Z: stderr: /bin/sh: 1: fswebcam: not found

2014-11-20T20:41:46.933Z: exec error: Error: Command failed: /bin/sh: 1: fswebcam: not found

2014-11-20T20:41:56.943Z: try to take picture now
2014-11-20T20:41:56.944Z: executing external process: fswebcam dist//home/joerg/node/nomnom-v1/server/config/../images/live.jpg
2014-11-20T20:41:56.954Z: stdout: 
2014-11-20T20:41:56.954Z: stderr: /bin/sh: 1: fswebcam: not found

2014-11-20T20:41:56.955Z: exec error: Error: Command failed: /bin/sh: 1: fswebcam: not found

2014-11-20T20:42:06.965Z: try to take picture now
2014-11-20T20:42:06.965Z: executing external process: fswebcam dist//home/joerg/node/nomnom-v1/server/config/../images/live.jpg
2014-11-20T20:42:06.976Z: stdout: 
2014-11-20T20:42:06.976Z: stderr: /bin/sh: 1: fswebcam: not found

2014-11-20T20:42:06.976Z: exec error: Error: Command failed: /bin/sh: 1: fswebcam: not found

2014-11-20T20:42:16.988Z: try to take picture now
2014-11-20T20:42:16.988Z: executing external process: fswebcam dist//home/joerg/node/nomnom-v1/server/config/../images/live.jpg
2014-11-20T20:42:16.997Z: stdout: 
2014-11-20T20:42:16.997Z: stderr: /bin/sh: 1: fswebcam: not found

2014-11-20T20:42:16.997Z: exec error: Error: Command failed: /bin/sh: 1: fswebcam: not found

2014-11-20T20:42:27.007Z: try to take picture now
2014-11-20T20:42:27.007Z: executing external process: fswebcam dist//home/joerg/node/nomnom-v1/server/config/../images/live.jpg
2014-11-20T20:42:27.015Z: stdout: 
2014-11-20T20:42:27.015Z: stderr: /bin/sh: 1: fswebcam: not found

2014-11-20T20:42:27.015Z: exec error: Error: Command failed: /bin/sh: 1: fswebcam: not found

2014-11-20T20:42:30.902Z: try to take picture now
2014-11-20T20:42:30.904Z: executing external process: fswebcam dist//home/joerg/node/nomnom-v1/server/config/../images/live.jpg
2014-11-20T20:42:30.927Z: stdout: 
2014-11-20T20:42:30.928Z: stderr: /bin/sh: 1: fswebcam: not found

2014-11-20T20:42:30.928Z: exec error: Error: Command failed: /bin/sh: 1: fswebcam: not found

2014-11-20T20:42:40.054Z: try to take picture now
2014-11-20T20:42:40.056Z: executing external process: fswebcam dist//home/joerg/node/nomnom-v1/server/config/../images/live.jpg
2014-11-20T20:42:40.082Z: stdout: 
2014-11-20T20:42:40.082Z: stderr: /bin/sh: 1: fswebcam: not found

2014-11-20T20:42:40.082Z: exec error: Error: Command failed: /bin/sh: 1: fswebcam: not found

2014-11-20T20:42:50.089Z: try to take picture now
2014-11-20T20:42:50.089Z: executing external process: fswebcam dist//home/joerg/node/nomnom-v1/server/config/../images/live.jpg
2014-11-20T20:42:50.100Z: stderr: /bin/sh: 1: fswebcam: not found

2014-11-20T20:42:50.100Z: stdout: 
2014-11-20T20:42:50.100Z: exec error: Error: Command failed: /bin/sh: 1: fswebcam: not found

2014-11-20T20:43:00.111Z: try to take picture now
2014-11-20T20:43:00.111Z: executing external process: fswebcam dist//home/joerg/node/nomnom-v1/server/config/../images/live.jpg
2014-11-20T20:43:00.120Z: stdout: 
2014-11-20T20:43:00.120Z: stderr: /bin/sh: 1: fswebcam: not found

2014-11-20T20:43:00.120Z: exec error: Error: Command failed: /bin/sh: 1: fswebcam: not found

2014-11-20T20:43:10.131Z: try to take picture now
2014-11-20T20:43:10.131Z: executing external process: fswebcam dist//home/joerg/node/nomnom-v1/server/config/../images/live.jpg
2014-11-20T20:43:10.139Z: stdout: 
2014-11-20T20:43:10.140Z: stderr: /bin/sh: 1: fswebcam: not found

2014-11-20T20:43:10.140Z: exec error: Error: Command failed: /bin/sh: 1: fswebcam: not found

2014-11-20T20:43:20.151Z: try to take picture now
2014-11-20T20:43:20.151Z: executing external process: fswebcam dist//home/joerg/node/nomnom-v1/server/config/../images/live.jpg
2014-11-20T20:43:20.159Z: stdout: 
2014-11-20T20:43:20.160Z: stderr: /bin/sh: 1: fswebcam: not found

2014-11-20T20:43:20.160Z: exec error: Error: Command failed: /bin/sh: 1: fswebcam: not found

2014-11-20T20:43:30.172Z: try to take picture now
2014-11-20T20:43:30.172Z: executing external process: fswebcam dist//home/joerg/node/nomnom-v1/server/config/../images/live.jpg
2014-11-20T20:43:30.181Z: stdout: 
2014-11-20T20:43:30.181Z: stderr: /bin/sh: 1: fswebcam: not found

2014-11-20T20:43:30.181Z: exec error: Error: Command failed: /bin/sh: 1: fswebcam: not found

2014-11-20T20:43:40.193Z: try to take picture now
2014-11-20T20:43:40.193Z: executing external process: fswebcam dist//home/joerg/node/nomnom-v1/server/config/../images/live.jpg
2014-11-20T20:43:40.202Z: stdout: 
2014-11-20T20:43:40.202Z: stderr: /bin/sh: 1: fswebcam: not found

2014-11-20T20:43:40.203Z: exec error: Error: Command failed: /bin/sh: 1: fswebcam: not found

2014-11-20T20:43:50.213Z: try to take picture now
2014-11-20T20:43:50.214Z: executing external process: fswebcam dist//home/joerg/node/nomnom-v1/server/config/../images/live.jpg
2014-11-20T20:43:50.223Z: stdout: 
2014-11-20T20:43:50.223Z: stderr: /bin/sh: 1: fswebcam: not found

2014-11-20T20:43:50.223Z: exec error: Error: Command failed: /bin/sh: 1: fswebcam: not found

2014-11-20T20:44:00.234Z: try to take picture now
2014-11-20T20:44:00.234Z: executing external process: fswebcam dist//home/joerg/node/nomnom-v1/server/config/../images/live.jpg
2014-11-20T20:44:00.244Z: stdout: 
2014-11-20T20:44:00.244Z: stderr: /bin/sh: 1: fswebcam: not found

2014-11-20T20:44:00.244Z: exec error: Error: Command failed: /bin/sh: 1: fswebcam: not found

2014-11-20T20:44:10.256Z: try to take picture now
2014-11-20T20:44:10.256Z: executing external process: fswebcam dist//home/joerg/node/nomnom-v1/server/config/../images/live.jpg
2014-11-20T20:44:10.263Z: stdout: 
2014-11-20T20:44:10.264Z: stderr: /bin/sh: 1: fswebcam: not found

2014-11-20T20:44:10.264Z: exec error: Error: Command failed: /bin/sh: 1: fswebcam: not found

2014-11-20T20:44:20.276Z: try to take picture now
2014-11-20T20:44:20.276Z: executing external process: fswebcam dist//home/joerg/node/nomnom-v1/server/config/../images/live.jpg
2014-11-20T20:44:20.284Z: stdout: 
2014-11-20T20:44:20.284Z: stderr: /bin/sh: 1: fswebcam: not found

2014-11-20T20:44:20.284Z: exec error: Error: Command failed: /bin/sh: 1: fswebcam: not found

2014-11-20T20:44:30.296Z: try to take picture now
2014-11-20T20:44:30.296Z: executing external process: fswebcam dist//home/joerg/node/nomnom-v1/server/config/../images/live.jpg
2014-11-20T20:44:30.305Z: stdout: 
2014-11-20T20:44:30.306Z: stderr: /bin/sh: 1: fswebcam: not found

2014-11-20T20:44:30.306Z: exec error: Error: Command failed: /bin/sh: 1: fswebcam: not found

2014-11-20T20:44:40.315Z: try to take picture now
2014-11-20T20:44:40.315Z: executing external process: fswebcam dist//home/joerg/node/nomnom-v1/server/config/../images/live.jpg
2014-11-20T20:44:40.323Z: stdout: 
2014-11-20T20:44:40.323Z: stderr: /bin/sh: 1: fswebcam: not found

2014-11-20T20:44:40.323Z: exec error: Error: Command failed: /bin/sh: 1: fswebcam: not found

2014-11-20T20:44:50.337Z: try to take picture now
2014-11-20T20:44:50.337Z: executing external process: fswebcam dist//home/joerg/node/nomnom-v1/server/config/../images/live.jpg
2014-11-20T20:44:50.348Z: stdout: 
2014-11-20T20:44:50.348Z: stderr: /bin/sh: 1: fswebcam: not found

2014-11-20T20:44:50.348Z: exec error: Error: Command failed: /bin/sh: 1: fswebcam: not found

2014-11-20T20:45:00.362Z: try to take picture now
2014-11-20T20:45:00.362Z: executing external process: fswebcam dist//home/joerg/node/nomnom-v1/server/config/../images/live.jpg
2014-11-20T20:45:00.370Z: stderr: /bin/sh: 1: fswebcam: not found

2014-11-20T20:45:00.370Z: stdout: 
2014-11-20T20:45:00.370Z: exec error: Error: Command failed: /bin/sh: 1: fswebcam: not found

2014-11-20T20:45:10.381Z: try to take picture now
2014-11-20T20:45:10.381Z: executing external process: fswebcam dist//home/joerg/node/nomnom-v1/server/config/../images/live.jpg
2014-11-20T20:45:10.393Z: stdout: 
2014-11-20T20:45:10.393Z: stderr: /bin/sh: 1: fswebcam: not found

2014-11-20T20:45:10.393Z: exec error: Error: Command failed: /bin/sh: 1: fswebcam: not found

2014-11-20T20:45:20.401Z: try to take picture now
2014-11-20T20:45:20.401Z: executing external process: fswebcam dist//home/joerg/node/nomnom-v1/server/config/../images/live.jpg
2014-11-20T20:45:20.414Z: stdout: 
2014-11-20T20:45:20.414Z: stderr: /bin/sh: 1: fswebcam: not found

2014-11-20T20:45:20.414Z: exec error: Error: Command failed: /bin/sh: 1: fswebcam: not found

2014-11-20T20:45:30.424Z: try to take picture now
2014-11-20T20:45:30.424Z: executing external process: fswebcam dist//home/joerg/node/nomnom-v1/server/config/../images/live.jpg
2014-11-20T20:45:30.433Z: stderr: /bin/sh: 1: fswebcam: not found

2014-11-20T20:45:30.433Z: stdout: 
2014-11-20T20:45:30.433Z: exec error: Error: Command failed: /bin/sh: 1: fswebcam: not found

2014-11-20T20:45:40.441Z: try to take picture now
2014-11-20T20:45:40.441Z: executing external process: fswebcam dist//home/joerg/node/nomnom-v1/server/config/../images/live.jpg
2014-11-20T20:45:40.449Z: stderr: /bin/sh: 1: fswebcam: not found

2014-11-20T20:45:40.449Z: stdout: 
2014-11-20T20:45:40.449Z: exec error: Error: Command failed: /bin/sh: 1: fswebcam: not found

2014-11-20T20:45:50.459Z: try to take picture now
2014-11-20T20:45:50.459Z: executing external process: fswebcam dist//home/joerg/node/nomnom-v1/server/config/../images/live.jpg
2014-11-20T20:45:50.467Z: stdout: 
2014-11-20T20:45:50.467Z: stderr: /bin/sh: 1: fswebcam: not found

2014-11-20T20:45:50.468Z: exec error: Error: Command failed: /bin/sh: 1: fswebcam: not found

2014-11-20T20:46:00.481Z: try to take picture now
2014-11-20T20:46:00.481Z: executing external process: fswebcam dist//home/joerg/node/nomnom-v1/server/config/../images/live.jpg
2014-11-20T20:46:00.489Z: stdout: 
2014-11-20T20:46:00.489Z: stderr: /bin/sh: 1: fswebcam: not found

2014-11-20T20:46:00.489Z: exec error: Error: Command failed: /bin/sh: 1: fswebcam: not found

